-------------------------------------------------------------------------------
Test set: io.github.synte.aliva.HttpFunctionsTests
-------------------------------------------------------------------------------
Tests run: 1, Failures: 0, Errors: 1, Skipped: 0, Time elapsed: 0.235 s <<< FAILURE! -- in io.github.synte.aliva.HttpFunctionsTests
io.github.synte.aliva.HttpFunctionsTests.testFetchAndFetchPostAndFetchTextAndFetchBytesAndSafeFetch -- Time elapsed: 0.221 s <<< ERROR!
java.lang.RuntimeException: java.net.ConnectException: Failed to connect to /127.0.0.1:8081
	at io.github.synte.aliva.runtime.functions.HttpFunctions.fetchGet(HttpFunctions.java:118)
	at io.github.synte.aliva.runtime.functions.HttpFunctions.lambda$0(HttpFunctions.java:30)
	at io.github.synte.aliva.runtime.FunctionRegistry.invoke(FunctionRegistry.java:19)
	at io.github.synte.aliva.runtime.DSLInterpreter.visitFuncCall(DSLInterpreter.java:367)
	at io.github.synte.aliva.runtime.DSLInterpreter.visitPrimary(DSLInterpreter.java:328)
	at io.github.synte.aliva.parser.ScraperDSLParser$PrimaryContext.accept(ScraperDSLParser.java:1384)
	at org.antlr.v4.runtime.tree.AbstractParseTreeVisitor.visitChildren(AbstractParseTreeVisitor.java:46)
	at io.github.synte.aliva.parser.ScraperDSLBaseVisitor.visitUnaryExpr(ScraperDSLBaseVisitor.java:126)
	at io.github.synte.aliva.runtime.DSLInterpreter.visitUnaryExpr(DSLInterpreter.java:275)
	at io.github.synte.aliva.parser.ScraperDSLParser$UnaryExprContext.accept(ScraperDSLParser.java:1282)
	at org.antlr.v4.runtime.tree.AbstractParseTreeVisitor.visit(AbstractParseTreeVisitor.java:18)
	at io.github.synte.aliva.runtime.DSLInterpreter.visitMultiplicativeExpr(DSLInterpreter.java:241)
	at io.github.synte.aliva.parser.ScraperDSLParser$MultiplicativeExprContext.accept(ScraperDSLParser.java:1207)
	at org.antlr.v4.runtime.tree.AbstractParseTreeVisitor.visit(AbstractParseTreeVisitor.java:18)
	at io.github.synte.aliva.runtime.DSLInterpreter.visitAdditiveExpr(DSLInterpreter.java:221)
	at io.github.synte.aliva.parser.ScraperDSLParser$AdditiveExprContext.accept(ScraperDSLParser.java:1132)
	at org.antlr.v4.runtime.tree.AbstractParseTreeVisitor.visit(AbstractParseTreeVisitor.java:18)
	at io.github.synte.aliva.runtime.DSLInterpreter.visitComparisonExpr(DSLInterpreter.java:197)
	at io.github.synte.aliva.parser.ScraperDSLParser$ComparisonExprContext.accept(ScraperDSLParser.java:1057)
	at org.antlr.v4.runtime.tree.AbstractParseTreeVisitor.visit(AbstractParseTreeVisitor.java:18)
	at io.github.synte.aliva.runtime.DSLInterpreter.visitEqualityExpr(DSLInterpreter.java:179)
	at io.github.synte.aliva.parser.ScraperDSLParser$EqualityExprContext.accept(ScraperDSLParser.java:982)
	at org.antlr.v4.runtime.tree.AbstractParseTreeVisitor.visitChildren(AbstractParseTreeVisitor.java:46)
	at io.github.synte.aliva.parser.ScraperDSLBaseVisitor.visitLogicalAndExpr(ScraperDSLBaseVisitor.java:91)
	at io.github.synte.aliva.parser.ScraperDSLParser$LogicalAndExprContext.accept(ScraperDSLParser.java:916)
	at org.antlr.v4.runtime.tree.AbstractParseTreeVisitor.visitChildren(AbstractParseTreeVisitor.java:46)
	at io.github.synte.aliva.parser.ScraperDSLBaseVisitor.visitLogicalOrExpr(ScraperDSLBaseVisitor.java:84)
	at io.github.synte.aliva.parser.ScraperDSLParser$LogicalOrExprContext.accept(ScraperDSLParser.java:851)
	at org.antlr.v4.runtime.tree.AbstractParseTreeVisitor.visitChildren(AbstractParseTreeVisitor.java:46)
	at io.github.synte.aliva.parser.ScraperDSLBaseVisitor.visitExpression(ScraperDSLBaseVisitor.java:77)
	at io.github.synte.aliva.parser.ScraperDSLParser$ExpressionContext.accept(ScraperDSLParser.java:786)
	at org.antlr.v4.runtime.tree.AbstractParseTreeVisitor.visit(AbstractParseTreeVisitor.java:18)
	at io.github.synte.aliva.runtime.DSLInterpreter.visitAssignment(DSLInterpreter.java:107)
	at io.github.synte.aliva.parser.ScraperDSLParser$AssignmentContext.accept(ScraperDSLParser.java:433)
	at org.antlr.v4.runtime.tree.AbstractParseTreeVisitor.visitChildren(AbstractParseTreeVisitor.java:46)
	at io.github.synte.aliva.parser.ScraperDSLBaseVisitor.visitStatement(ScraperDSLBaseVisitor.java:28)
	at io.github.synte.aliva.runtime.DSLInterpreter.visitStatement(DSLInterpreter.java:62)
	at io.github.synte.aliva.parser.ScraperDSLParser$StatementContext.accept(ScraperDSLParser.java:214)
	at org.antlr.v4.runtime.tree.AbstractParseTreeVisitor.visitChildren(AbstractParseTreeVisitor.java:46)
	at io.github.synte.aliva.parser.ScraperDSLBaseVisitor.visitScript(ScraperDSLBaseVisitor.java:21)
	at io.github.synte.aliva.parser.ScraperDSLParser$ScriptContext.accept(ScraperDSLParser.java:139)
	at org.antlr.v4.runtime.tree.AbstractParseTreeVisitor.visit(AbstractParseTreeVisitor.java:18)
	at io.github.synte.aliva.TestUtils.runScript(TestUtils.java:26)
	at io.github.synte.aliva.HttpFunctionsTests.testFetchAndFetchPostAndFetchTextAndFetchBytesAndSafeFetch(HttpFunctionsTests.java:49)
	at java.base/java.lang.reflect.Method.invoke(Method.java:580)
	at java.base/java.util.ArrayList.forEach(ArrayList.java:1596)
	at java.base/java.util.ArrayList.forEach(ArrayList.java:1596)
Caused by: java.net.ConnectException: Failed to connect to /127.0.0.1:8081
	at okhttp3.internal.connection.RealConnection.connectSocket(RealConnection.kt:297)
	at okhttp3.internal.connection.RealConnection.connect(RealConnection.kt:207)
	at okhttp3.internal.connection.ExchangeFinder.findConnection(ExchangeFinder.kt:226)
	at okhttp3.internal.connection.ExchangeFinder.findHealthyConnection(ExchangeFinder.kt:106)
	at okhttp3.internal.connection.ExchangeFinder.find(ExchangeFinder.kt:74)
	at okhttp3.internal.connection.RealCall.initExchange$okhttp(RealCall.kt:255)
	at okhttp3.internal.connection.ConnectInterceptor.intercept(ConnectInterceptor.kt:32)
	at okhttp3.internal.http.RealInterceptorChain.proceed(RealInterceptorChain.kt:109)
	at okhttp3.internal.cache.CacheInterceptor.intercept(CacheInterceptor.kt:95)
	at okhttp3.internal.http.RealInterceptorChain.proceed(RealInterceptorChain.kt:109)
	at okhttp3.internal.http.BridgeInterceptor.intercept(BridgeInterceptor.kt:83)
	at okhttp3.internal.http.RealInterceptorChain.proceed(RealInterceptorChain.kt:109)
	at okhttp3.internal.http.RetryAndFollowUpInterceptor.intercept(RetryAndFollowUpInterceptor.kt:76)
	at okhttp3.internal.http.RealInterceptorChain.proceed(RealInterceptorChain.kt:109)
	at okhttp3.internal.connection.RealCall.getResponseWithInterceptorChain$okhttp(RealCall.kt:201)
	at okhttp3.internal.connection.RealCall.execute(RealCall.kt:154)
	at io.github.synte.aliva.runtime.functions.HttpFunctions.fetchGet(HttpFunctions.java:111)
	... 46 more
Caused by: java.net.ConnectException: Connection refused: getsockopt
	at java.base/sun.nio.ch.Net.pollConnect(Native Method)
	at java.base/sun.nio.ch.Net.pollConnectNow(Net.java:682)
	at java.base/sun.nio.ch.NioSocketImpl.timedFinishConnect(NioSocketImpl.java:542)
	at java.base/sun.nio.ch.NioSocketImpl.connect(NioSocketImpl.java:592)
	at java.base/java.net.SocksSocketImpl.connect(SocksSocketImpl.java:327)
	at java.base/java.net.Socket.connect(Socket.java:751)
	at okhttp3.internal.platform.Platform.connectSocket(Platform.kt:128)
	at okhttp3.internal.connection.RealConnection.connectSocket(RealConnection.kt:295)
	... 62 more

