<?xml version="1.0" encoding="UTF-8"?>
<testsuite xmlns:xsi="http://www.w3.org/2001/XMLSchema-instance" xsi:noNamespaceSchemaLocation="https://maven.apache.org/surefire/maven-surefire-plugin/xsd/surefire-test-report-3.0.xsd" version="3.0" name="io.github.synte.aliva.BareBonesTests" time="0.729" tests="3" errors="0" skipped="0" failures="0">
  <properties>
[...]
</properties>
  <testcase name="testVariableAssignment" classname="io.github.synte.aliva.BareBonesTests" time="0.032"/>
  <testcase name="testPrintString" classname="io.github.synte.aliva.BareBonesTests" time="0.001"/>
  <testcase name="testFetchHtml" classname="io.github.synte.aliva.BareBonesTests" time="0.685"/>
</testsuite>